0 info it worked if it ends with ok
1 verbose cli [ '/opt/node-v6.0.0-linux-x64/bin/node',
1 verbose cli   '/opt/node/bin/npm',
1 verbose cli   'start' ]
2 info using npm@3.8.8
3 info using node@v6.0.0
4 verbose run-script [ 'prestart', 'start', 'poststart' ]
5 info lifecycle angularattack2016-angular-attack-project@1.0.0~prestart: angularattack2016-angular-attack-project@1.0.0
6 silly lifecycle angularattack2016-angular-attack-project@1.0.0~prestart: no script for prestart, continuing
7 info lifecycle angularattack2016-angular-attack-project@1.0.0~start: angularattack2016-angular-attack-project@1.0.0
8 verbose lifecycle angularattack2016-angular-attack-project@1.0.0~start: unsafe-perm in lifecycle true
9 verbose lifecycle angularattack2016-angular-attack-project@1.0.0~start: PATH: /opt/node-v6.0.0-linux-x64/lib/node_modules/npm/bin/node-gyp-bin:/home/akash/WebstormProjects/angular2-examples/node_modules/.bin:/opt/node-v6.0.0-linux-x64/bin:/usr/local/sbin:/usr/local/bin:/usr/sbin:/usr/bin:/sbin:/bin:/usr/games:/usr/local/games:/opt/WebStorm/bin:/usr/local/heroku/bin:/opt/mongodb-linux-x86_64-3.0.4/bin:/opt/JAVA_HOME/bin:/opt/node/bin
10 verbose lifecycle angularattack2016-angular-attack-project@1.0.0~start: CWD: /home/akash/WebstormProjects/angular2-examples
11 silly lifecycle angularattack2016-angular-attack-project@1.0.0~start: Args: [ '-c', 'concurrent "npm run gulp" "npm run lite" ' ]
12 info lifecycle angularattack2016-angular-attack-project@1.0.0~start: Failed to exec start script
13 verbose stack Error: angularattack2016-angular-attack-project@1.0.0 start: `concurrent "npm run gulp" "npm run lite" `
13 verbose stack spawn ENOENT
13 verbose stack     at ChildProcess.<anonymous> (/opt/node-v6.0.0-linux-x64/lib/node_modules/npm/lib/utils/spawn.js:17:16)
13 verbose stack     at emitTwo (events.js:106:13)
13 verbose stack     at ChildProcess.emit (events.js:191:7)
13 verbose stack     at maybeClose (internal/child_process.js:850:16)
13 verbose stack     at Process.ChildProcess._handle.onexit (internal/child_process.js:215:5)
14 verbose pkgid angularattack2016-angular-attack-project@1.0.0
15 verbose cwd /home/akash/WebstormProjects/angular2-examples
16 error Linux 3.19.0-58-generic
17 error argv "/opt/node-v6.0.0-linux-x64/bin/node" "/opt/node/bin/npm" "start"
18 error node v6.0.0
19 error npm  v3.8.8
20 error file sh
21 error code ELIFECYCLE
22 error errno ENOENT
23 error syscall spawn
24 error angularattack2016-angular-attack-project@1.0.0 start: `concurrent "npm run gulp" "npm run lite" `
24 error spawn ENOENT
25 error Failed at the angularattack2016-angular-attack-project@1.0.0 start script 'concurrent "npm run gulp" "npm run lite" '.
25 error Make sure you have the latest version of node.js and npm installed.
25 error If you do, this is most likely a problem with the angularattack2016-angular-attack-project package,
25 error not with npm itself.
25 error Tell the author that this fails on your system:
25 error     concurrent "npm run gulp" "npm run lite"
25 error You can get information on how to open an issue for this project with:
25 error     npm bugs angularattack2016-angular-attack-project
25 error Or if that isn't available, you can get their info via:
25 error     npm owner ls angularattack2016-angular-attack-project
25 error There is likely additional logging output above.
26 verbose exit [ 1, true ]
